\BOOKMARK [0][-]{chapter.1}{\376\377\0001\000\040\000C\000l\000a\000s\000s\000\040\000I\000n\000d\000e\000x}{}% 1
\BOOKMARK [1][-]{section.1.1}{\376\377\0001\000.\0001\000\040\000C\000l\000a\000s\000s\000\040\000L\000i\000s\000t}{chapter.1}% 2
\BOOKMARK [0][-]{chapter.2}{\376\377\0002\000\040\000F\000i\000l\000e\000\040\000I\000n\000d\000e\000x}{}% 3
\BOOKMARK [1][-]{section.2.1}{\376\377\0002\000.\0001\000\040\000F\000i\000l\000e\000\040\000L\000i\000s\000t}{chapter.2}% 4
\BOOKMARK [0][-]{chapter.3}{\376\377\0003\000\040\000C\000l\000a\000s\000s\000\040\000D\000o\000c\000u\000m\000e\000n\000t\000a\000t\000i\000o\000n}{}% 5
\BOOKMARK [1][-]{section.3.1}{\376\377\0003\000.\0001\000\040\000A\000l\000a\000r\000m\000M\000a\000n\000a\000g\000e\000r\000\040\000C\000l\000a\000s\000s\000\040\000R\000e\000f\000e\000r\000e\000n\000c\000e}{chapter.3}% 6
\BOOKMARK [2][-]{subsection.3.1.1}{\376\377\0003\000.\0001\000.\0001\000\040\000D\000e\000t\000a\000i\000l\000e\000d\000\040\000D\000e\000s\000c\000r\000i\000p\000t\000i\000o\000n}{section.3.1}% 7
\BOOKMARK [2][-]{subsection.3.1.2}{\376\377\0003\000.\0001\000.\0002\000\040\000M\000e\000m\000b\000e\000r\000\040\000F\000u\000n\000c\000t\000i\000o\000n\000\040\000D\000o\000c\000u\000m\000e\000n\000t\000a\000t\000i\000o\000n}{section.3.1}% 8
\BOOKMARK [3][-]{subsubsection.3.1.2.1}{\376\377\0003\000.\0001\000.\0002\000.\0001\000\040\000a\000l\000a\000r\000m\000\050\000\051}{subsection.3.1.2}% 9
\BOOKMARK [3][-]{subsubsection.3.1.2.2}{\376\377\0003\000.\0001\000.\0002\000.\0002\000\040\000c\000a\000n\000t\000C\000a\000l\000l\000A\000P\000I\000A\000l\000a\000r\000m\000\050\000\051}{subsection.3.1.2}% 10
\BOOKMARK [3][-]{subsubsection.3.1.2.3}{\376\377\0003\000.\0001\000.\0002\000.\0003\000\040\000i\000n\000i\000t\000W\000i\000t\000h\000P\000a\000c\000k\000a\000g\000e\000O\000n\000D\000e\000l\000i\000v\000e\000r\000y\000A\000l\000a\000r\000m\000\050\000\051}{subsection.3.1.2}% 11
\BOOKMARK [3][-]{subsubsection.3.1.2.4}{\376\377\0003\000.\0001\000.\0002\000.\0004\000\040\000p\000a\000c\000k\000a\000g\000e\000T\000o\000C\000l\000o\000s\000e\000A\000l\000a\000r\000m\000\050\000\051}{subsection.3.1.2}% 12
\BOOKMARK [1][-]{section.3.2}{\376\377\0003\000.\0002\000\040\000G\000o\000P\000l\000u\000s\0002\000\040\000C\000l\000a\000s\000s\000\040\000R\000e\000f\000e\000r\000e\000n\000c\000e}{chapter.3}% 13
\BOOKMARK [2][-]{subsection.3.2.1}{\376\377\0003\000.\0002\000.\0001\000\040\000C\000o\000n\000s\000t\000r\000u\000c\000t\000o\000r\000\040\000\046\000\040\000D\000e\000s\000t\000r\000u\000c\000t\000o\000r\000\040\000D\000o\000c\000u\000m\000e\000n\000t\000a\000t\000i\000o\000n}{section.3.2}% 14
\BOOKMARK [3][-]{subsubsection.3.2.1.1}{\376\377\0003\000.\0002\000.\0001\000.\0001\000\040\000G\000o\000P\000l\000u\000s\0002\000\050\000\051}{subsection.3.2.1}% 15
\BOOKMARK [2][-]{subsection.3.2.2}{\376\377\0003\000.\0002\000.\0002\000\040\000M\000e\000m\000b\000e\000r\000\040\000F\000u\000n\000c\000t\000i\000o\000n\000\040\000D\000o\000c\000u\000m\000e\000n\000t\000a\000t\000i\000o\000n}{section.3.2}% 16
\BOOKMARK [3][-]{subsubsection.3.2.2.1}{\376\377\0003\000.\0002\000.\0002\000.\0001\000\040\000b\000e\000g\000i\000n\000\050\000\051}{subsection.3.2.2}% 17
\BOOKMARK [3][-]{subsubsection.3.2.2.2}{\376\377\0003\000.\0002\000.\0002\000.\0002\000\040\000h\000u\000b\0001\000\137\000a\000\137\000r\000e\000a\000d\000\137\000v\000a\000l\000u\000e\000\050\000\051}{subsection.3.2.2}% 18
\BOOKMARK [3][-]{subsubsection.3.2.2.3}{\376\377\0003\000.\0002\000.\0002\000.\0003\000\040\000h\000u\000b\0001\000\137\000d\000\137\000o\000\137\000r\000e\000a\000d\000\137\000v\000a\000l\000u\000e\000\050\000\051}{subsection.3.2.2}% 19
\BOOKMARK [3][-]{subsubsection.3.2.2.4}{\376\377\0003\000.\0002\000.\0002\000.\0004\000\040\000h\000u\000b\0001\000\137\000d\000\137\000r\000e\000a\000d\000\137\000v\000a\000l\000u\000e\000\050\000\051}{subsection.3.2.2}% 20
\BOOKMARK [3][-]{subsubsection.3.2.2.5}{\376\377\0003\000.\0002\000.\0002\000.\0005\000\040\000h\000u\000b\0001\000\137\000s\000e\000t\000\137\000i\000o\000\050\000\051}{subsection.3.2.2}% 21
\BOOKMARK [3][-]{subsubsection.3.2.2.6}{\376\377\0003\000.\0002\000.\0002\000.\0006\000\040\000h\000u\000b\0001\000\137\000w\000i\000r\000e\000\137\000v\000a\000l\000u\000e\000\050\000\051}{subsection.3.2.2}% 22
\BOOKMARK [3][-]{subsubsection.3.2.2.7}{\376\377\0003\000.\0002\000.\0002\000.\0007\000\040\000h\000u\000b\0002\000\137\000a\000\137\000r\000e\000a\000d\000\137\000v\000a\000l\000u\000e\000\050\000\051}{subsection.3.2.2}% 23
\BOOKMARK [3][-]{subsubsection.3.2.2.8}{\376\377\0003\000.\0002\000.\0002\000.\0008\000\040\000h\000u\000b\0002\000\137\000d\000\137\000o\000\137\000r\000e\000a\000d\000\137\000v\000a\000l\000u\000e\000\050\000\051}{subsection.3.2.2}% 24
\BOOKMARK [3][-]{subsubsection.3.2.2.9}{\376\377\0003\000.\0002\000.\0002\000.\0009\000\040\000h\000u\000b\0002\000\137\000d\000\137\000r\000e\000a\000d\000\137\000v\000a\000l\000u\000e\000\050\000\051}{subsection.3.2.2}% 25
\BOOKMARK [3][-]{subsubsection.3.2.2.10}{\376\377\0003\000.\0002\000.\0002\000.\0001\0000\000\040\000h\000u\000b\0002\000\137\000s\000e\000t\000\137\000i\000o\000\050\000\051}{subsection.3.2.2}% 26
\BOOKMARK [3][-]{subsubsection.3.2.2.11}{\376\377\0003\000.\0002\000.\0002\000.\0001\0001\000\040\000h\000u\000b\0002\000\137\000w\000i\000r\000e\000\137\000v\000a\000l\000u\000e\000\050\000\051}{subsection.3.2.2}% 27
\BOOKMARK [3][-]{subsubsection.3.2.2.12}{\376\377\0003\000.\0002\000.\0002\000.\0001\0002\000\040\000h\000u\000b\0003\000\137\000a\000\137\000r\000e\000a\000d\000\137\000v\000a\000l\000u\000e\000\050\000\051}{subsection.3.2.2}% 28
\BOOKMARK [3][-]{subsubsection.3.2.2.13}{\376\377\0003\000.\0002\000.\0002\000.\0001\0003\000\040\000h\000u\000b\0003\000\137\000d\000\137\000o\000\137\000r\000e\000a\000d\000\137\000v\000a\000l\000u\000e\000\050\000\051}{subsection.3.2.2}% 29
\BOOKMARK [3][-]{subsubsection.3.2.2.14}{\376\377\0003\000.\0002\000.\0002\000.\0001\0004\000\040\000h\000u\000b\0003\000\137\000d\000\137\000r\000e\000a\000d\000\137\000v\000a\000l\000u\000e\000\050\000\051}{subsection.3.2.2}% 30
\BOOKMARK [3][-]{subsubsection.3.2.2.15}{\376\377\0003\000.\0002\000.\0002\000.\0001\0005\000\040\000h\000u\000b\0003\000\137\000s\000e\000t\000\137\000i\000o\000\050\000\051}{subsection.3.2.2}% 31
\BOOKMARK [3][-]{subsubsection.3.2.2.16}{\376\377\0003\000.\0002\000.\0002\000.\0001\0006\000\040\000h\000u\000b\0003\000\137\000w\000i\000r\000e\000\137\000v\000a\000l\000u\000e\000\050\000\051}{subsection.3.2.2}% 32
\BOOKMARK [3][-]{subsubsection.3.2.2.17}{\376\377\0003\000.\0002\000.\0002\000.\0001\0007\000\040\000M\000o\000t\000o\000r\000\137\000w\000r\000i\000t\000e\000\137\000s\000p\000e\000e\000d\000\050\000\051}{subsection.3.2.2}% 33
\BOOKMARK [3][-]{subsubsection.3.2.2.18}{\376\377\0003\000.\0002\000.\0002\000.\0001\0008\000\040\000S\000e\000r\000v\000o\000\137\000w\000r\000i\000t\000e\000\137\000a\000n\000g\000l\000e\000\050\000\051}{subsection.3.2.2}% 34
\BOOKMARK [3][-]{subsubsection.3.2.2.19}{\376\377\0003\000.\0002\000.\0002\000.\0001\0009\000\040\000S\000e\000r\000v\000o\000\137\000w\000r\000i\000t\000e\000\137\000p\000l\000u\000s\000e\000w\000i\000d\000t\000h\000\050\000\051}{subsection.3.2.2}% 35
\BOOKMARK [1][-]{section.3.3}{\376\377\0003\000.\0003\000\040\000G\000R\000B\000L\000\040\000C\000l\000a\000s\000s\000\040\000R\000e\000f\000e\000r\000e\000n\000c\000e}{chapter.3}% 36
\BOOKMARK [2][-]{subsection.3.3.1}{\376\377\0003\000.\0003\000.\0001\000\040\000C\000o\000n\000s\000t\000r\000u\000c\000t\000o\000r\000\040\000\046\000\040\000D\000e\000s\000t\000r\000u\000c\000t\000o\000r\000\040\000D\000o\000c\000u\000m\000e\000n\000t\000a\000t\000i\000o\000n}{section.3.3}% 37
\BOOKMARK [3][-]{subsubsection.3.3.1.1}{\376\377\0003\000.\0003\000.\0001\000.\0001\000\040\000G\000R\000B\000L\000\050\000\051}{subsection.3.3.1}% 38
\BOOKMARK [2][-]{subsection.3.3.2}{\376\377\0003\000.\0003\000.\0002\000\040\000M\000e\000m\000b\000e\000r\000\040\000F\000u\000n\000c\000t\000i\000o\000n\000\040\000D\000o\000c\000u\000m\000e\000n\000t\000a\000t\000i\000o\000n}{section.3.3}% 39
\BOOKMARK [3][-]{subsubsection.3.3.2.1}{\376\377\0003\000.\0003\000.\0002\000.\0001\000\040\000I\000n\000i\000t\000\050\000\051\000\040\000[\0001\000/\0003\000]}{subsection.3.3.2}% 40
\BOOKMARK [3][-]{subsubsection.3.3.2.2}{\376\377\0003\000.\0003\000.\0002\000.\0002\000\040\000I\000n\000i\000t\000\050\000\051\000\040\000[\0002\000/\0003\000]}{subsection.3.3.2}% 41
\BOOKMARK [3][-]{subsubsection.3.3.2.3}{\376\377\0003\000.\0003\000.\0002\000.\0003\000\040\000I\000n\000i\000t\000\050\000\051\000\040\000[\0003\000/\0003\000]}{subsection.3.3.2}% 42
\BOOKMARK [3][-]{subsubsection.3.3.2.4}{\376\377\0003\000.\0003\000.\0002\000.\0004\000\040\000i\000n\000L\000o\000c\000k\000\050\000\051}{subsection.3.3.2}% 43
\BOOKMARK [3][-]{subsubsection.3.3.2.5}{\376\377\0003\000.\0003\000.\0002\000.\0005\000\040\000r\000e\000a\000d\000C\000l\000e\000a\000n\000\050\000\051}{subsection.3.3.2}% 44
\BOOKMARK [3][-]{subsubsection.3.3.2.6}{\376\377\0003\000.\0003\000.\0002\000.\0006\000\040\000r\000e\000a\000d\000I\000d\000l\000e\000\050\000\051}{subsection.3.3.2}% 45
\BOOKMARK [3][-]{subsubsection.3.3.2.7}{\376\377\0003\000.\0003\000.\0002\000.\0007\000\040\000r\000e\000a\000d\000L\000i\000n\000e\000\050\000\051}{subsection.3.3.2}% 46
\BOOKMARK [3][-]{subsubsection.3.3.2.8}{\376\377\0003\000.\0003\000.\0002\000.\0008\000\040\000r\000e\000a\000d\000S\000t\000a\000t\000u\000s\000\050\000\051}{subsection.3.3.2}% 47
\BOOKMARK [3][-]{subsubsection.3.3.2.9}{\376\377\0003\000.\0003\000.\0002\000.\0009\000\040\000s\000e\000n\000d\000B\000y\000t\000e\000\050\000\051}{subsection.3.3.2}% 48
\BOOKMARK [3][-]{subsubsection.3.3.2.10}{\376\377\0003\000.\0003\000.\0002\000.\0001\0000\000\040\000s\000e\000n\000d\000B\000y\000t\000e\000s\000\050\000\051}{subsection.3.3.2}% 49
\BOOKMARK [3][-]{subsubsection.3.3.2.11}{\376\377\0003\000.\0003\000.\0002\000.\0001\0001\000\040\000s\000e\000n\000d\000G\000c\000o\000d\000e\000\050\000\051}{subsection.3.3.2}% 50
\BOOKMARK [3][-]{subsubsection.3.3.2.12}{\376\377\0003\000.\0003\000.\0002\000.\0001\0002\000\040\000s\000e\000t\000M\000o\000d\000e\000\050\000\051}{subsection.3.3.2}% 51
\BOOKMARK [3][-]{subsubsection.3.3.2.13}{\376\377\0003\000.\0003\000.\0002\000.\0001\0003\000\040\000s\000e\000t\000M\000o\000t\000o\000r\000\050\000\051}{subsection.3.3.2}% 52
\BOOKMARK [3][-]{subsubsection.3.3.2.14}{\376\377\0003\000.\0003\000.\0002\000.\0001\0004\000\040\000u\000n\000L\000o\000c\000k\000\050\000\051}{subsection.3.3.2}% 53
\BOOKMARK [3][-]{subsubsection.3.3.2.15}{\376\377\0003\000.\0003\000.\0002\000.\0001\0005\000\040\000w\000a\000i\000t\000I\000d\000l\000e\000\050\000\051}{subsection.3.3.2}% 54
\BOOKMARK [2][-]{subsection.3.3.3}{\376\377\0003\000.\0003\000.\0003\000\040\000M\000e\000m\000b\000e\000r\000\040\000D\000a\000t\000a\000\040\000D\000o\000c\000u\000m\000e\000n\000t\000a\000t\000i\000o\000n}{section.3.3}% 55
\BOOKMARK [3][-]{subsubsection.3.3.3.1}{\376\377\0003\000.\0003\000.\0003\000.\0001\000\040\000\137\000a\000d\000d\000r}{subsection.3.3.3}% 56
\BOOKMARK [3][-]{subsubsection.3.3.3.2}{\376\377\0003\000.\0003\000.\0003\000.\0002\000\040\000\137\000W\000i\000r\000e}{subsection.3.3.3}% 57
\BOOKMARK [3][-]{subsubsection.3.3.3.3}{\376\377\0003\000.\0003\000.\0003\000.\0003\000\040\000a\000d\000d\000r}{subsection.3.3.3}% 58
\BOOKMARK [3][-]{subsubsection.3.3.3.4}{\376\377\0003\000.\0003\000.\0003\000.\0004\000\040\000m\000o\000d\000e}{subsection.3.3.3}% 59
\BOOKMARK [1][-]{section.3.4}{\376\377\0003\000.\0004\000\040\000M\0005\000U\000I\000\040\000C\000l\000a\000s\000s\000\040\000R\000e\000f\000e\000r\000e\000n\000c\000e}{chapter.3}% 60
\BOOKMARK [2][-]{subsection.3.4.1}{\376\377\0003\000.\0004\000.\0001\000\040\000C\000o\000n\000s\000t\000r\000u\000c\000t\000o\000r\000\040\000\046\000\040\000D\000e\000s\000t\000r\000u\000c\000t\000o\000r\000\040\000D\000o\000c\000u\000m\000e\000n\000t\000a\000t\000i\000o\000n}{section.3.4}% 61
\BOOKMARK [3][-]{subsubsection.3.4.1.1}{\376\377\0003\000.\0004\000.\0001\000.\0001\000\040\000M\0005\000U\000I\000\050\000\051}{subsection.3.4.1}% 62
\BOOKMARK [2][-]{subsection.3.4.2}{\376\377\0003\000.\0004\000.\0002\000\040\000M\000e\000m\000b\000e\000r\000\040\000F\000u\000n\000c\000t\000i\000o\000n\000\040\000D\000o\000c\000u\000m\000e\000n\000t\000a\000t\000i\000o\000n}{section.3.4}% 63
\BOOKMARK [3][-]{subsubsection.3.4.2.1}{\376\377\0003\000.\0004\000.\0002\000.\0001\000\040\000i\000n\000i\000t\000\050\000\051}{subsection.3.4.2}% 64
\BOOKMARK [3][-]{subsubsection.3.4.2.2}{\376\377\0003\000.\0004\000.\0002\000.\0002\000\040\000i\000n\000i\000t\000P\000r\000o\000g\000r\000e\000s\000s\000B\000a\000r\000\050\000\051}{subsection.3.4.2}% 65
\BOOKMARK [3][-]{subsubsection.3.4.2.3}{\376\377\0003\000.\0004\000.\0002\000.\0003\000\040\000n\000o\000t\000i\000f\000i\000c\000a\000t\000i\000o\000n\000R\000F\000I\000D\000R\000e\000a\000d\000W\000i\000t\000h\000E\000r\000r\000o\000r\000\050\000\051}{subsection.3.4.2}% 66
\BOOKMARK [3][-]{subsubsection.3.4.2.4}{\376\377\0003\000.\0004\000.\0002\000.\0004\000\040\000n\000o\000t\000i\000f\000i\000c\000a\000t\000i\000o\000n\000R\000F\000I\000D\000R\000e\000a\000d\000W\000i\000t\000h\000S\000u\000c\000c\000e\000s\000s\000\050\000\051}{subsection.3.4.2}% 67
\BOOKMARK [3][-]{subsubsection.3.4.2.5}{\376\377\0003\000.\0004\000.\0002\000.\0005\000\040\000p\000r\000i\000n\000t\000T\000o\000t\000a\000l\000P\000a\000c\000k\000a\000g\000e\000s\000O\000n\000D\000e\000l\000i\000v\000e\000r\000y\000\050\000\051}{subsection.3.4.2}% 68
\BOOKMARK [3][-]{subsubsection.3.4.2.6}{\376\377\0003\000.\0004\000.\0002\000.\0006\000\040\000p\000r\000i\000n\000t\000W\000a\000i\000t\000P\000a\000c\000k\000a\000g\000e\000s\000\050\000\051}{subsection.3.4.2}% 69
\BOOKMARK [3][-]{subsubsection.3.4.2.7}{\376\377\0003\000.\0004\000.\0002\000.\0007\000\040\000r\000u\000n\000L\000i\000g\000h\000t\000\050\000\051}{subsection.3.4.2}% 70
\BOOKMARK [3][-]{subsubsection.3.4.2.8}{\376\377\0003\000.\0004\000.\0002\000.\0008\000\040\000s\000p\000e\000a\000k\000e\000r\000B\000i\000p\000W\000i\000t\000h\000L\000i\000g\000h\000t\000\050\000\051}{subsection.3.4.2}% 71
\BOOKMARK [1][-]{section.3.5}{\376\377\0003\000.\0005\000\040\000P\000a\000c\000k\000a\000g\000e\000\040\000C\000l\000a\000s\000s\000\040\000R\000e\000f\000e\000r\000e\000n\000c\000e}{chapter.3}% 72
\BOOKMARK [2][-]{subsection.3.5.1}{\376\377\0003\000.\0005\000.\0001\000\040\000C\000o\000n\000s\000t\000r\000u\000c\000t\000o\000r\000\040\000\046\000\040\000D\000e\000s\000t\000r\000u\000c\000t\000o\000r\000\040\000D\000o\000c\000u\000m\000e\000n\000t\000a\000t\000i\000o\000n}{section.3.5}% 73
\BOOKMARK [3][-]{subsubsection.3.5.1.1}{\376\377\0003\000.\0005\000.\0001\000.\0001\000\040\000P\000a\000c\000k\000a\000g\000e\000\050\000\051}{subsection.3.5.1}% 74
\BOOKMARK [2][-]{subsection.3.5.2}{\376\377\0003\000.\0005\000.\0002\000\040\000M\000e\000m\000b\000e\000r\000\040\000F\000u\000n\000c\000t\000i\000o\000n\000\040\000D\000o\000c\000u\000m\000e\000n\000t\000a\000t\000i\000o\000n}{section.3.5}% 75
\BOOKMARK [3][-]{subsubsection.3.5.2.1}{\376\377\0003\000.\0005\000.\0002\000.\0001\000\040\000g\000e\000t\000D\000e\000s\000t\000i\000n\000a\000t\000i\000o\000n\000\050\000\051}{subsection.3.5.2}% 76
\BOOKMARK [3][-]{subsubsection.3.5.2.2}{\376\377\0003\000.\0005\000.\0002\000.\0002\000\040\000g\000e\000t\000M\000o\000t\000o\000r\000S\000t\000e\000p\000\050\000\051}{subsection.3.5.2}% 77
\BOOKMARK [3][-]{subsubsection.3.5.2.3}{\376\377\0003\000.\0005\000.\0002\000.\0003\000\040\000g\000e\000t\000U\000u\000i\000d\000\050\000\051}{subsection.3.5.2}% 78
\BOOKMARK [3][-]{subsubsection.3.5.2.4}{\376\377\0003\000.\0005\000.\0002\000.\0004\000\040\000i\000s\000D\000e\000l\000i\000v\000e\000r\000e\000d\000\050\000\051}{subsection.3.5.2}% 79
\BOOKMARK [3][-]{subsubsection.3.5.2.5}{\376\377\0003\000.\0005\000.\0002\000.\0005\000\040\000t\000o\000J\000s\000o\000n\000\050\000\051}{subsection.3.5.2}% 80
\BOOKMARK [2][-]{subsection.3.5.3}{\376\377\0003\000.\0005\000.\0003\000\040\000M\000e\000m\000b\000e\000r\000\040\000D\000a\000t\000a\000\040\000D\000o\000c\000u\000m\000e\000n\000t\000a\000t\000i\000o\000n}{section.3.5}% 81
\BOOKMARK [3][-]{subsubsection.3.5.3.1}{\376\377\0003\000.\0005\000.\0003\000.\0001\000\040\000I\000N\000T\000E\000R\000V\000A\000L\000\137\000R\000F\000I\000D\000\137\000T\000O\000\137\000D\000E\000S\000T\000I\000N\000A\000T\000I\000O\000N}{subsection.3.5.3}% 82
\BOOKMARK [3][-]{subsubsection.3.5.3.2}{\376\377\0003\000.\0005\000.\0003\000.\0002\000\040\000m\000\137\000d\000e\000s\000t\000i\000n\000a\000t\000i\000o\000n}{subsection.3.5.3}% 83
\BOOKMARK [3][-]{subsubsection.3.5.3.3}{\376\377\0003\000.\0005\000.\0003\000.\0003\000\040\000m\000\137\000m\000o\000t\000o\000r\000S\000t\000e\000p}{subsection.3.5.3}% 84
\BOOKMARK [3][-]{subsubsection.3.5.3.4}{\376\377\0003\000.\0005\000.\0003\000.\0004\000\040\000m\000\137\000u\000u\000i\000d}{subsection.3.5.3}% 85
\BOOKMARK [1][-]{section.3.6}{\376\377\0003\000.\0006\000\040\000Q\000u\000e\000u\000\040\000C\000l\000a\000s\000s\000\040\000R\000e\000f\000e\000r\000e\000n\000c\000e}{chapter.3}% 86
\BOOKMARK [2][-]{subsection.3.6.1}{\376\377\0003\000.\0006\000.\0001\000\040\000C\000o\000n\000s\000t\000r\000u\000c\000t\000o\000r\000\040\000\046\000\040\000D\000e\000s\000t\000r\000u\000c\000t\000o\000r\000\040\000D\000o\000c\000u\000m\000e\000n\000t\000a\000t\000i\000o\000n}{section.3.6}% 87
\BOOKMARK [3][-]{subsubsection.3.6.1.1}{\376\377\0003\000.\0006\000.\0001\000.\0001\000\040\000Q\000u\000e\000u\000\050\000\051}{subsection.3.6.1}% 88
\BOOKMARK [2][-]{subsection.3.6.2}{\376\377\0003\000.\0006\000.\0002\000\040\000M\000e\000m\000b\000e\000r\000\040\000F\000u\000n\000c\000t\000i\000o\000n\000\040\000D\000o\000c\000u\000m\000e\000n\000t\000a\000t\000i\000o\000n}{section.3.6}% 89
\BOOKMARK [3][-]{subsubsection.3.6.2.1}{\376\377\0003\000.\0006\000.\0002\000.\0001\000\040\000a\000p\000p\000e\000n\000d\000\050\000\051}{subsection.3.6.2}% 90
\BOOKMARK [3][-]{subsubsection.3.6.2.2}{\376\377\0003\000.\0006\000.\0002\000.\0002\000\040\000a\000p\000p\000e\000n\000d\000W\000i\000t\000h\000U\000u\000i\000d\000\050\000\051}{subsection.3.6.2}% 91
\BOOKMARK [3][-]{subsubsection.3.6.2.3}{\376\377\0003\000.\0006\000.\0002\000.\0003\000\040\000c\000h\000e\000c\000k\000I\000f\000F\000r\000o\000n\000t\000P\000a\000c\000k\000a\000g\000e\000I\000s\000D\000e\000l\000i\000v\000e\000r\000e\000d\000\050\000\051}{subsection.3.6.2}% 92
\BOOKMARK [3][-]{subsubsection.3.6.2.4}{\376\377\0003\000.\0006\000.\0002\000.\0004\000\040\000c\000l\000e\000a\000r\000\050\000\051}{subsection.3.6.2}% 93
\BOOKMARK [3][-]{subsubsection.3.6.2.5}{\376\377\0003\000.\0006\000.\0002\000.\0005\000\040\000e\000x\000i\000s\000t\000\050\000\051}{subsection.3.6.2}% 94
\BOOKMARK [3][-]{subsubsection.3.6.2.6}{\376\377\0003\000.\0006\000.\0002\000.\0006\000\040\000g\000e\000t\000A\000l\000l\000\050\000\051}{subsection.3.6.2}% 95
\BOOKMARK [3][-]{subsubsection.3.6.2.7}{\376\377\0003\000.\0006\000.\0002\000.\0007\000\040\000i\000n\000i\000t\000\050\000\051}{subsection.3.6.2}% 96
\BOOKMARK [3][-]{subsubsection.3.6.2.8}{\376\377\0003\000.\0006\000.\0002\000.\0008\000\040\000i\000n\000i\000t\000M\000o\000t\000o\000r\000\050\000\051}{subsection.3.6.2}% 97
\BOOKMARK [3][-]{subsubsection.3.6.2.9}{\376\377\0003\000.\0006\000.\0002\000.\0009\000\040\000i\000n\000i\000t\000W\000i\000f\000i\000\050\000\051}{subsection.3.6.2}% 98
\BOOKMARK [3][-]{subsubsection.3.6.2.10}{\376\377\0003\000.\0006\000.\0002\000.\0001\0000\000\040\000l\000a\000s\000t\000E\000v\000e\000n\000t\000U\000I\000\050\000\051}{subsection.3.6.2}% 99
\BOOKMARK [3][-]{subsubsection.3.6.2.11}{\376\377\0003\000.\0006\000.\0002\000.\0001\0001\000\040\000m\000o\000t\000o\000r\000F\000o\000r\000w\000a\000r\000d\000\050\000\051}{subsection.3.6.2}% 100
\BOOKMARK [3][-]{subsubsection.3.6.2.12}{\376\377\0003\000.\0006\000.\0002\000.\0001\0002\000\040\000p\000o\000p\000\137\000f\000r\000o\000n\000t\000\050\000\051}{subsection.3.6.2}% 101
\BOOKMARK [3][-]{subsubsection.3.6.2.13}{\376\377\0003\000.\0006\000.\0002\000.\0001\0003\000\040\000s\000i\000z\000e\000\050\000\051}{subsection.3.6.2}% 102
\BOOKMARK [3][-]{subsubsection.3.6.2.14}{\376\377\0003\000.\0006\000.\0002\000.\0001\0004\000\040\000t\000o\000J\000s\000o\000n\000\050\000\051}{subsection.3.6.2}% 103
\BOOKMARK [3][-]{subsubsection.3.6.2.15}{\376\377\0003\000.\0006\000.\0002\000.\0001\0005\000\040\000u\000p\000d\000a\000t\000e\000S\000e\000r\000v\000o\000M\000o\000t\000o\000r\000\050\000\051}{subsection.3.6.2}% 104
\BOOKMARK [3][-]{subsubsection.3.6.2.16}{\376\377\0003\000.\0006\000.\0002\000.\0001\0006\000\040\000u\000u\000i\000d\000E\000x\000i\000s\000t\000\050\000\051}{subsection.3.6.2}% 105
\BOOKMARK [2][-]{subsection.3.6.3}{\376\377\0003\000.\0006\000.\0003\000\040\000M\000e\000m\000b\000e\000r\000\040\000D\000a\000t\000a\000\040\000D\000o\000c\000u\000m\000e\000n\000t\000a\000t\000i\000o\000n}{section.3.6}% 106
\BOOKMARK [3][-]{subsubsection.3.6.3.1}{\376\377\0003\000.\0006\000.\0003\000.\0001\000\040\000c\000l\000i\000e\000n\000t}{subsection.3.6.3}% 107
\BOOKMARK [3][-]{subsubsection.3.6.3.2}{\376\377\0003\000.\0006\000.\0003\000.\0002\000\040\000c\000l\000i\000e\000n\000t\000W\000i\000f\000i}{subsection.3.6.3}% 108
\BOOKMARK [3][-]{subsubsection.3.6.3.3}{\376\377\0003\000.\0006\000.\0003\000.\0003\000\040\000M\000I\000N\000\137\000I\000N\000T\000E\000R\000V\000A\000L\000\137\000B\000E\000T\000W\000E\000E\000N\000\137\000P\000A\000C\000K\000A\000G\000E}{subsection.3.6.3}% 109
\BOOKMARK [3][-]{subsubsection.3.6.3.4}{\376\377\0003\000.\0006\000.\0003\000.\0004\000\040\000m\000o\000t\000o\000r}{subsection.3.6.3}% 110
\BOOKMARK [3][-]{subsubsection.3.6.3.5}{\376\377\0003\000.\0006\000.\0003\000.\0005\000\040\000m\000o\000t\000o\000r\000S\000t\000e\000p\000C\000o\000u\000n\000t\000e\000r}{subsection.3.6.3}% 111
\BOOKMARK [3][-]{subsubsection.3.6.3.6}{\376\377\0003\000.\0006\000.\0003\000.\0006\000\040\000q\000u\000e\000u}{subsection.3.6.3}% 112
\BOOKMARK [3][-]{subsubsection.3.6.3.7}{\376\377\0003\000.\0006\000.\0003\000.\0007\000\040\000s\000e\000r\000v\000o\000M\000o\000t\000o\000r}{subsection.3.6.3}% 113
\BOOKMARK [3][-]{subsubsection.3.6.3.8}{\376\377\0003\000.\0006\000.\0003\000.\0008\000\040\000S\000P\000E\000E\000D\000\137\000S\000T\000E\000P\000\137\000M\000O\000T\000O\000R}{subsection.3.6.3}% 114
\BOOKMARK [1][-]{section.3.7}{\376\377\0003\000.\0007\000\040\000R\000f\000i\000d\000D\000r\000i\000v\000e\000r\000\040\000C\000l\000a\000s\000s\000\040\000R\000e\000f\000e\000r\000e\000n\000c\000e}{chapter.3}% 115
\BOOKMARK [2][-]{subsection.3.7.1}{\376\377\0003\000.\0007\000.\0001\000\040\000C\000o\000n\000s\000t\000r\000u\000c\000t\000o\000r\000\040\000\046\000\040\000D\000e\000s\000t\000r\000u\000c\000t\000o\000r\000\040\000D\000o\000c\000u\000m\000e\000n\000t\000a\000t\000i\000o\000n}{section.3.7}% 116
\BOOKMARK [3][-]{subsubsection.3.7.1.1}{\376\377\0003\000.\0007\000.\0001\000.\0001\000\040\000R\000f\000i\000d\000D\000r\000i\000v\000e\000r\000\050\000\051}{subsection.3.7.1}% 117
\BOOKMARK [2][-]{subsection.3.7.2}{\376\377\0003\000.\0007\000.\0002\000\040\000M\000e\000m\000b\000e\000r\000\040\000F\000u\000n\000c\000t\000i\000o\000n\000\040\000D\000o\000c\000u\000m\000e\000n\000t\000a\000t\000i\000o\000n}{section.3.7}% 118
\BOOKMARK [3][-]{subsubsection.3.7.2.1}{\376\377\0003\000.\0007\000.\0002\000.\0001\000\040\000g\000e\000t\000T\000a\000g\000D\000e\000t\000e\000c\000t\000e\000d\000\050\000\051}{subsection.3.7.2}% 119
\BOOKMARK [3][-]{subsubsection.3.7.2.2}{\376\377\0003\000.\0007\000.\0002\000.\0002\000\040\000i\000n\000i\000t\000\050\000\051}{subsection.3.7.2}% 120
\BOOKMARK [3][-]{subsubsection.3.7.2.3}{\376\377\0003\000.\0007\000.\0002\000.\0003\000\040\000r\000e\000a\000d\000R\000f\000i\000d\000\050\000\051}{subsection.3.7.2}% 121
\BOOKMARK [3][-]{subsubsection.3.7.2.4}{\376\377\0003\000.\0007\000.\0002\000.\0004\000\040\000s\000e\000t\000T\000a\000g\000D\000e\000t\000e\000c\000t\000e\000d\000\050\000\051}{subsection.3.7.2}% 122
\BOOKMARK [3][-]{subsubsection.3.7.2.5}{\376\377\0003\000.\0007\000.\0002\000.\0005\000\040\000S\000h\000o\000w\000R\000e\000a\000d\000e\000r\000D\000e\000t\000a\000i\000l\000s\000\050\000\051}{subsection.3.7.2}% 123
\BOOKMARK [3][-]{subsubsection.3.7.2.6}{\376\377\0003\000.\0007\000.\0002\000.\0006\000\040\000v\000T\000a\000s\000k\000R\000F\000I\000D\000I\000n\000t\000e\000r\000r\000u\000p\000t\000\050\000\051}{subsection.3.7.2}% 124
\BOOKMARK [2][-]{subsection.3.7.3}{\376\377\0003\000.\0007\000.\0003\000\040\000M\000e\000m\000b\000e\000r\000\040\000D\000a\000t\000a\000\040\000D\000o\000c\000u\000m\000e\000n\000t\000a\000t\000i\000o\000n}{section.3.7}% 125
\BOOKMARK [3][-]{subsubsection.3.7.3.1}{\376\377\0003\000.\0007\000.\0003\000.\0001\000\040\000v\000a\000r\000i\000a\000b\000l\000e\000s}{subsection.3.7.3}% 126
\BOOKMARK [1][-]{section.3.8}{\376\377\0003\000.\0008\000\040\000S\000e\000r\000v\000o\000M\000o\000t\000o\000r\000\040\000C\000l\000a\000s\000s\000\040\000R\000e\000f\000e\000r\000e\000n\000c\000e}{chapter.3}% 127
\BOOKMARK [2][-]{subsection.3.8.1}{\376\377\0003\000.\0008\000.\0001\000\040\000C\000o\000n\000s\000t\000r\000u\000c\000t\000o\000r\000\040\000\046\000\040\000D\000e\000s\000t\000r\000u\000c\000t\000o\000r\000\040\000D\000o\000c\000u\000m\000e\000n\000t\000a\000t\000i\000o\000n}{section.3.8}% 128
\BOOKMARK [3][-]{subsubsection.3.8.1.1}{\376\377\0003\000.\0008\000.\0001\000.\0001\000\040\000S\000e\000r\000v\000o\000M\000o\000t\000o\000r\000\050\000\051}{subsection.3.8.1}% 129
\BOOKMARK [2][-]{subsection.3.8.2}{\376\377\0003\000.\0008\000.\0002\000\040\000M\000e\000m\000b\000e\000r\000\040\000F\000u\000n\000c\000t\000i\000o\000n\000\040\000D\000o\000c\000u\000m\000e\000n\000t\000a\000t\000i\000o\000n}{section.3.8}% 130
\BOOKMARK [3][-]{subsubsection.3.8.2.1}{\376\377\0003\000.\0008\000.\0002\000.\0001\000\040\000t\000u\000r\000n\000\050\000\051}{subsection.3.8.2}% 131
\BOOKMARK [3][-]{subsubsection.3.8.2.2}{\376\377\0003\000.\0008\000.\0002\000.\0002\000\040\000t\000u\000r\000n\000L\000e\000f\000t\000\050\000\051}{subsection.3.8.2}% 132
\BOOKMARK [3][-]{subsubsection.3.8.2.3}{\376\377\0003\000.\0008\000.\0002\000.\0003\000\040\000t\000u\000r\000n\000R\000i\000g\000h\000t\000\050\000\051}{subsection.3.8.2}% 133
\BOOKMARK [3][-]{subsubsection.3.8.2.4}{\376\377\0003\000.\0008\000.\0002\000.\0004\000\040\000t\000u\000r\000n\000S\000t\000r\000a\000i\000g\000h\000t\000\050\000\051}{subsection.3.8.2}% 134
\BOOKMARK [2][-]{subsection.3.8.3}{\376\377\0003\000.\0008\000.\0003\000\040\000M\000e\000m\000b\000e\000r\000\040\000D\000a\000t\000a\000\040\000D\000o\000c\000u\000m\000e\000n\000t\000a\000t\000i\000o\000n}{section.3.8}% 135
\BOOKMARK [3][-]{subsubsection.3.8.3.1}{\376\377\0003\000.\0008\000.\0003\000.\0001\000\040\000a\000n\000g\000l\000e\000L\000e\000f\000t}{subsection.3.8.3}% 136
\BOOKMARK [3][-]{subsubsection.3.8.3.2}{\376\377\0003\000.\0008\000.\0003\000.\0002\000\040\000a\000n\000g\000l\000e\000R\000i\000g\000h\000t}{subsection.3.8.3}% 137
\BOOKMARK [3][-]{subsubsection.3.8.3.3}{\376\377\0003\000.\0008\000.\0003\000.\0003\000\040\000a\000n\000g\000l\000e\000S\000t\000r\000a\000i\000g\000h\000t}{subsection.3.8.3}% 138
\BOOKMARK [3][-]{subsubsection.3.8.3.4}{\376\377\0003\000.\0008\000.\0003\000.\0004\000\040\000g\000o\000P\000l\000u\000s}{subsection.3.8.3}% 139
\BOOKMARK [3][-]{subsubsection.3.8.3.5}{\376\377\0003\000.\0008\000.\0003\000.\0005\000\040\000s\000p\000e\000e\000d}{subsection.3.8.3}% 140
\BOOKMARK [1][-]{section.3.9}{\376\377\0003\000.\0009\000\040\000R\000f\000i\000d\000D\000r\000i\000v\000e\000r\000:\000:\000V\000a\000r\000i\000a\000b\000l\000e\000s\000\040\000S\000t\000r\000u\000c\000t\000\040\000R\000e\000f\000e\000r\000e\000n\000c\000e}{chapter.3}% 141
\BOOKMARK [2][-]{subsection.3.9.1}{\376\377\0003\000.\0009\000.\0001\000\040\000M\000e\000m\000b\000e\000r\000\040\000D\000a\000t\000a\000\040\000D\000o\000c\000u\000m\000e\000n\000t\000a\000t\000i\000o\000n}{section.3.9}% 142
\BOOKMARK [3][-]{subsubsection.3.9.1.1}{\376\377\0003\000.\0009\000.\0001\000.\0001\000\040\000m\000f\000r\000c\0005\0002\0002}{subsection.3.9.1}% 143
\BOOKMARK [3][-]{subsubsection.3.9.1.2}{\376\377\0003\000.\0009\000.\0001\000.\0002\000\040\000t\000a\000g\000D\000e\000t\000e\000c\000t\000e\000d}{subsection.3.9.1}% 144
\BOOKMARK [1][-]{section.3.10}{\376\377\0003\000.\0001\0000\000\040\000W\000i\000f\000i\000U\000t\000i\000l\000s\000\040\000C\000l\000a\000s\000s\000\040\000R\000e\000f\000e\000r\000e\000n\000c\000e}{chapter.3}% 145
\BOOKMARK [2][-]{subsection.3.10.1}{\376\377\0003\000.\0001\0000\000.\0001\000\040\000M\000e\000m\000b\000e\000r\000\040\000F\000u\000n\000c\000t\000i\000o\000n\000\040\000D\000o\000c\000u\000m\000e\000n\000t\000a\000t\000i\000o\000n}{section.3.10}% 146
\BOOKMARK [3][-]{subsubsection.3.10.1.1}{\376\377\0003\000.\0001\0000\000.\0001\000.\0001\000\040\000c\000l\000e\000a\000n\000O\000n\000D\000e\000l\000i\000v\000e\000r\000y\000P\000a\000c\000k\000a\000g\000e\000s\000\050\000\051}{subsection.3.10.1}% 147
\BOOKMARK [3][-]{subsubsection.3.10.1.2}{\376\377\0003\000.\0001\0000\000.\0001\000.\0002\000\040\000c\000o\000n\000n\000e\000c\000t\000\050\000\051}{subsection.3.10.1}% 148
\BOOKMARK [3][-]{subsubsection.3.10.1.3}{\376\377\0003\000.\0001\0000\000.\0001\000.\0003\000\040\000g\000e\000t\000O\000n\000D\000e\000l\000i\000v\000e\000r\000y\000P\000a\000c\000k\000a\000g\000e\000\050\000\051}{subsection.3.10.1}% 149
\BOOKMARK [3][-]{subsubsection.3.10.1.4}{\376\377\0003\000.\0001\0000\000.\0001\000.\0004\000\040\000g\000e\000t\000P\000a\000c\000k\000a\000g\000e\000D\000e\000s\000t\000i\000n\000a\000t\000i\000o\000n\000\050\000\051}{subsection.3.10.1}% 150
\BOOKMARK [3][-]{subsubsection.3.10.1.5}{\376\377\0003\000.\0001\0000\000.\0001\000.\0005\000\040\000i\000s\000C\000o\000n\000n\000e\000c\000t\000e\000d\000\050\000\051}{subsection.3.10.1}% 151
\BOOKMARK [3][-]{subsubsection.3.10.1.6}{\376\377\0003\000.\0001\0000\000.\0001\000.\0006\000\040\000p\000o\000s\000t\000A\000l\000a\000r\000m\000\050\000\051}{subsection.3.10.1}% 152
\BOOKMARK [3][-]{subsubsection.3.10.1.7}{\376\377\0003\000.\0001\0000\000.\0001\000.\0007\000\040\000p\000o\000s\000t\000D\000e\000l\000i\000v\000e\000r\000e\000d\000P\000a\000c\000k\000a\000g\000e\000\050\000\051}{subsection.3.10.1}% 153
\BOOKMARK [3][-]{subsubsection.3.10.1.8}{\376\377\0003\000.\0001\0000\000.\0001\000.\0008\000\040\000p\000o\000s\000t\000R\000e\000s\000e\000t\000A\000l\000a\000r\000m\000\050\000\051}{subsection.3.10.1}% 154
\BOOKMARK [3][-]{subsubsection.3.10.1.9}{\376\377\0003\000.\0001\0000\000.\0001\000.\0009\000\040\000s\000e\000n\000d\000R\000e\000q\000u\000e\000s\000t\000\050\000\051}{subsection.3.10.1}% 155
\BOOKMARK [2][-]{subsection.3.10.2}{\376\377\0003\000.\0001\0000\000.\0002\000\040\000M\000e\000m\000b\000e\000r\000\040\000D\000a\000t\000a\000\040\000D\000o\000c\000u\000m\000e\000n\000t\000a\000t\000i\000o\000n}{section.3.10}% 156
\BOOKMARK [3][-]{subsubsection.3.10.2.1}{\376\377\0003\000.\0001\0000\000.\0002\000.\0001\000\040\000U\000R\000L\000\137\000A\000L\000A\000R\000M}{subsection.3.10.2}% 157
\BOOKMARK [3][-]{subsubsection.3.10.2.2}{\376\377\0003\000.\0001\0000\000.\0002\000.\0002\000\040\000U\000R\000L\000\137\000D\000E\000L\000I\000V\000E\000R\000E\000D}{subsection.3.10.2}% 158
\BOOKMARK [3][-]{subsubsection.3.10.2.3}{\376\377\0003\000.\0001\0000\000.\0002\000.\0003\000\040\000U\000R\000L\000\137\000D\000E\000S\000T\000I\000N\000A\000T\000I\000O\000N}{subsection.3.10.2}% 159
\BOOKMARK [3][-]{subsubsection.3.10.2.4}{\376\377\0003\000.\0001\0000\000.\0002\000.\0004\000\040\000U\000R\000L\000\137\000O\000N\000\137\000D\000E\000L\000I\000V\000E\000R\000Y}{subsection.3.10.2}% 160
\BOOKMARK [3][-]{subsubsection.3.10.2.5}{\376\377\0003\000.\0001\0000\000.\0002\000.\0005\000\040\000U\000R\000L\000\137\000R\000E\000S\000E\000T\000\137\000A\000L\000A\000R\000M}{subsection.3.10.2}% 161
\BOOKMARK [0][-]{chapter.4}{\376\377\0004\000\040\000F\000i\000l\000e\000\040\000D\000o\000c\000u\000m\000e\000n\000t\000a\000t\000i\000o\000n}{}% 162
\BOOKMARK [1][-]{section.4.1}{\376\377\0004\000.\0001\000\040\000e\000s\000A\000p\000p\000/\000l\000i\000b\000/\000A\000l\000a\000r\000m\000M\000a\000n\000a\000g\000e\000r\000/\000A\000l\000a\000r\000m\000M\000a\000n\000a\000g\000e\000r\000.\000c\000p\000p\000\040\000F\000i\000l\000e\000\040\000R\000e\000f\000e\000r\000e\000n\000c\000e}{chapter.4}% 163
\BOOKMARK [2][-]{subsection.4.1.1}{\376\377\0004\000.\0001\000.\0001\000\040\000D\000e\000t\000a\000i\000l\000e\000d\000\040\000D\000e\000s\000c\000r\000i\000p\000t\000i\000o\000n}{section.4.1}% 164
\BOOKMARK [1][-]{section.4.2}{\376\377\0004\000.\0002\000\040\000e\000s\000A\000p\000p\000/\000l\000i\000b\000/\000A\000l\000a\000r\000m\000M\000a\000n\000a\000g\000e\000r\000/\000A\000l\000a\000r\000m\000M\000a\000n\000a\000g\000e\000r\000.\000h\000\040\000F\000i\000l\000e\000\040\000R\000e\000f\000e\000r\000e\000n\000c\000e}{chapter.4}% 165
\BOOKMARK [2][-]{subsection.4.2.1}{\376\377\0004\000.\0002\000.\0001\000\040\000D\000e\000t\000a\000i\000l\000e\000d\000\040\000D\000e\000s\000c\000r\000i\000p\000t\000i\000o\000n}{section.4.2}% 166
\BOOKMARK [2][-]{subsection.4.2.2}{\376\377\0004\000.\0002\000.\0002\000\040\000E\000n\000u\000m\000e\000r\000a\000t\000i\000o\000n\000\040\000T\000y\000p\000e\000\040\000D\000o\000c\000u\000m\000e\000n\000t\000a\000t\000i\000o\000n}{section.4.2}% 167
\BOOKMARK [3][-]{subsubsection.4.2.2.1}{\376\377\0004\000.\0002\000.\0002\000.\0001\000\040\000C\000r\000i\000t\000i\000c\000i\000t\000y}{subsection.4.2.2}% 168
\BOOKMARK [1][-]{section.4.3}{\376\377\0004\000.\0003\000\040\000e\000s\000A\000p\000p\000/\000l\000i\000b\000/\000G\000o\000P\000l\000u\000s\0002\000/\000G\000o\000P\000l\000u\000s\0002\000.\000c\000p\000p\000\040\000F\000i\000l\000e\000\040\000R\000e\000f\000e\000r\000e\000n\000c\000e}{chapter.4}% 169
\BOOKMARK [1][-]{section.4.4}{\376\377\0004\000.\0004\000\040\000e\000s\000A\000p\000p\000/\000l\000i\000b\000/\000G\000o\000P\000l\000u\000s\0002\000/\000G\000o\000P\000l\000u\000s\0002\000.\000h\000\040\000F\000i\000l\000e\000\040\000R\000e\000f\000e\000r\000e\000n\000c\000e}{chapter.4}% 170
\BOOKMARK [2][-]{subsection.4.4.1}{\376\377\0004\000.\0004\000.\0001\000\040\000M\000a\000c\000r\000o\000\040\000D\000e\000f\000i\000n\000i\000t\000i\000o\000n\000\040\000D\000o\000c\000u\000m\000e\000n\000t\000a\000t\000i\000o\000n}{section.4.4}% 171
\BOOKMARK [3][-]{subsubsection.4.4.1.1}{\376\377\0004\000.\0004\000.\0001\000.\0001\000\040\000G\000O\000P\000L\000U\000S\000\137\000A\000D\000D\000R}{subsection.4.4.1}% 172
\BOOKMARK [3][-]{subsubsection.4.4.1.2}{\376\377\0004\000.\0004\000.\0001\000.\0002\000\040\000H\000U\000B\0001\000\137\000R\000\137\000A\000D\000D\000R}{subsection.4.4.1}% 173
\BOOKMARK [3][-]{subsubsection.4.4.1.3}{\376\377\0004\000.\0004\000.\0001\000.\0003\000\040\000H\000U\000B\0001\000\137\000R\000\137\000O\000\137\000A\000D\000D\000R}{subsection.4.4.1}% 174
\BOOKMARK [3][-]{subsubsection.4.4.1.4}{\376\377\0004\000.\0004\000.\0001\000.\0004\000\040\000H\000U\000B\0001\000\137\000W\000\137\000A\000D\000D\000R}{subsection.4.4.1}% 175
\BOOKMARK [3][-]{subsubsection.4.4.1.5}{\376\377\0004\000.\0004\000.\0001\000.\0005\000\040\000H\000U\000B\0002\000\137\000R\000\137\000A\000D\000D\000R}{subsection.4.4.1}% 176
\BOOKMARK [3][-]{subsubsection.4.4.1.6}{\376\377\0004\000.\0004\000.\0001\000.\0006\000\040\000H\000U\000B\0002\000\137\000R\000\137\000O\000\137\000A\000D\000D\000R}{subsection.4.4.1}% 177
\BOOKMARK [3][-]{subsubsection.4.4.1.7}{\376\377\0004\000.\0004\000.\0001\000.\0007\000\040\000H\000U\000B\0002\000\137\000W\000\137\000A\000D\000D\000R}{subsection.4.4.1}% 178
\BOOKMARK [3][-]{subsubsection.4.4.1.8}{\376\377\0004\000.\0004\000.\0001\000.\0008\000\040\000H\000U\000B\0003\000\137\000R\000\137\000A\000D\000D\000R}{subsection.4.4.1}% 179
\BOOKMARK [3][-]{subsubsection.4.4.1.9}{\376\377\0004\000.\0004\000.\0001\000.\0009\000\040\000H\000U\000B\0003\000\137\000R\000\137\000O\000\137\000A\000D\000D\000R}{subsection.4.4.1}% 180
\BOOKMARK [3][-]{subsubsection.4.4.1.10}{\376\377\0004\000.\0004\000.\0001\000.\0001\0000\000\040\000H\000U\000B\0003\000\137\000W\000\137\000A\000D\000D\000R}{subsection.4.4.1}% 181
\BOOKMARK [3][-]{subsubsection.4.4.1.11}{\376\377\0004\000.\0004\000.\0001\000.\0001\0001\000\040\000H\000U\000B\000\137\000I\000O\000\137\000S\000E\000T}{subsection.4.4.1}% 182
\BOOKMARK [3][-]{subsubsection.4.4.1.12}{\376\377\0004\000.\0004\000.\0001\000.\0001\0002\000\040\000H\000U\000B\000\137\000R\000E\000A\000D\000\137\000A\000N\000A\000L\000O\000G}{subsection.4.4.1}% 183
\BOOKMARK [3][-]{subsubsection.4.4.1.13}{\376\377\0004\000.\0004\000.\0001\000.\0001\0003\000\040\000H\000U\000B\000\137\000R\000E\000A\000D\000\137\000D\000I\000G\000I\000T\000A\000L}{subsection.4.4.1}% 184
\BOOKMARK [3][-]{subsubsection.4.4.1.14}{\376\377\0004\000.\0004\000.\0001\000.\0001\0004\000\040\000H\000U\000B\000\137\000R\000E\000A\000D\000\137\000O\000\137\000D\000I\000G\000I\000T\000A\000L}{subsection.4.4.1}% 185
\BOOKMARK [3][-]{subsubsection.4.4.1.15}{\376\377\0004\000.\0004\000.\0001\000.\0001\0005\000\040\000H\000U\000B\000\137\000W\000I\000R\000E}{subsection.4.4.1}% 186
\BOOKMARK [3][-]{subsubsection.4.4.1.16}{\376\377\0004\000.\0004\000.\0001\000.\0001\0006\000\040\000M\000O\000T\000O\000R\000\137\000A\000D\000D\000R}{subsection.4.4.1}% 187
\BOOKMARK [3][-]{subsubsection.4.4.1.17}{\376\377\0004\000.\0004\000.\0001\000.\0001\0007\000\040\000M\000O\000T\000O\000R\000\137\000N\000U\000M\0000}{subsection.4.4.1}% 188
\BOOKMARK [3][-]{subsubsection.4.4.1.18}{\376\377\0004\000.\0004\000.\0001\000.\0001\0008\000\040\000M\000O\000T\000O\000R\000\137\000N\000U\000M\0001}{subsection.4.4.1}% 189
\BOOKMARK [3][-]{subsubsection.4.4.1.19}{\376\377\0004\000.\0004\000.\0001\000.\0001\0009\000\040\000P\000L\000U\000S\000E\000\137\000A\000D\000D\000R}{subsection.4.4.1}% 190
\BOOKMARK [3][-]{subsubsection.4.4.1.20}{\376\377\0004\000.\0004\000.\0001\000.\0002\0000\000\040\000S\000E\000R\000V\000O\000\137\000A\000D\000D\000R}{subsection.4.4.1}% 191
\BOOKMARK [3][-]{subsubsection.4.4.1.21}{\376\377\0004\000.\0004\000.\0001\000.\0002\0001\000\040\000S\000E\000R\000V\000O\000\137\000N\000U\000M\0000}{subsection.4.4.1}% 192
\BOOKMARK [3][-]{subsubsection.4.4.1.22}{\376\377\0004\000.\0004\000.\0001\000.\0002\0002\000\040\000S\000E\000R\000V\000O\000\137\000N\000U\000M\0000\000\137\000P\000W}{subsection.4.4.1}% 193
\BOOKMARK [3][-]{subsubsection.4.4.1.23}{\376\377\0004\000.\0004\000.\0001\000.\0002\0003\000\040\000S\000E\000R\000V\000O\000\137\000N\000U\000M\0001}{subsection.4.4.1}% 194
\BOOKMARK [3][-]{subsubsection.4.4.1.24}{\376\377\0004\000.\0004\000.\0001\000.\0002\0004\000\040\000S\000E\000R\000V\000O\000\137\000N\000U\000M\0001\000\137\000P\000W}{subsection.4.4.1}% 195
\BOOKMARK [3][-]{subsubsection.4.4.1.25}{\376\377\0004\000.\0004\000.\0001\000.\0002\0005\000\040\000S\000E\000R\000V\000O\000\137\000N\000U\000M\0002}{subsection.4.4.1}% 196
\BOOKMARK [3][-]{subsubsection.4.4.1.26}{\376\377\0004\000.\0004\000.\0001\000.\0002\0006\000\040\000S\000E\000R\000V\000O\000\137\000N\000U\000M\0002\000\137\000P\000W}{subsection.4.4.1}% 197
\BOOKMARK [3][-]{subsubsection.4.4.1.27}{\376\377\0004\000.\0004\000.\0001\000.\0002\0007\000\040\000S\000E\000R\000V\000O\000\137\000N\000U\000M\0003}{subsection.4.4.1}% 198
\BOOKMARK [3][-]{subsubsection.4.4.1.28}{\376\377\0004\000.\0004\000.\0001\000.\0002\0008\000\040\000S\000E\000R\000V\000O\000\137\000N\000U\000M\0003\000\137\000P\000W}{subsection.4.4.1}% 199
\BOOKMARK [1][-]{section.4.5}{\376\377\0004\000.\0005\000\040\000e\000s\000A\000p\000p\000/\000l\000i\000b\000/\000G\000R\000B\000L\000/\000M\000O\000D\000U\000L\000E\000\137\000G\000R\000B\000L\0001\0003\000.\0002\000.\000c\000p\000p\000\040\000F\000i\000l\000e\000\040\000R\000e\000f\000e\000r\000e\000n\000c\000e}{chapter.4}% 200
\BOOKMARK [1][-]{section.4.6}{\376\377\0004\000.\0006\000\040\000e\000s\000A\000p\000p\000/\000l\000i\000b\000/\000G\000R\000B\000L\000/\000M\000O\000D\000U\000L\000E\000\137\000G\000R\000B\000L\0001\0003\000.\0002\000.\000h\000\040\000F\000i\000l\000e\000\040\000R\000e\000f\000e\000r\000e\000n\000c\000e}{chapter.4}% 201
\BOOKMARK [1][-]{section.4.7}{\376\377\0004\000.\0007\000\040\000e\000s\000A\000p\000p\000/\000l\000i\000b\000/\000M\0005\000U\000I\000/\000M\0005\000U\000I\000.\000c\000p\000p\000\040\000F\000i\000l\000e\000\040\000R\000e\000f\000e\000r\000e\000n\000c\000e}{chapter.4}% 202
\BOOKMARK [2][-]{subsection.4.7.1}{\376\377\0004\000.\0007\000.\0001\000\040\000D\000e\000t\000a\000i\000l\000e\000d\000\040\000D\000e\000s\000c\000r\000i\000p\000t\000i\000o\000n}{section.4.7}% 203
\BOOKMARK [1][-]{section.4.8}{\376\377\0004\000.\0008\000\040\000e\000s\000A\000p\000p\000/\000l\000i\000b\000/\000M\0005\000U\000I\000/\000M\0005\000U\000I\000.\000h\000\040\000F\000i\000l\000e\000\040\000R\000e\000f\000e\000r\000e\000n\000c\000e}{chapter.4}% 204
\BOOKMARK [2][-]{subsection.4.8.1}{\376\377\0004\000.\0008\000.\0001\000\040\000D\000e\000t\000a\000i\000l\000e\000d\000\040\000D\000e\000s\000c\000r\000i\000p\000t\000i\000o\000n}{section.4.8}% 205
\BOOKMARK [2][-]{subsection.4.8.2}{\376\377\0004\000.\0008\000.\0002\000\040\000M\000a\000c\000r\000o\000\040\000D\000e\000f\000i\000n\000i\000t\000i\000o\000n\000\040\000D\000o\000c\000u\000m\000e\000n\000t\000a\000t\000i\000o\000n}{section.4.8}% 206
\BOOKMARK [3][-]{subsubsection.4.8.2.1}{\376\377\0004\000.\0008\000.\0002\000.\0001\000\040\000M\0005\000S\000T\000A\000C\000K\000\137\000F\000I\000R\000E\000\137\000N\000E\000O\000\137\000D\000A\000T\000A\000\137\000P\000I\000N}{subsection.4.8.2}% 207
\BOOKMARK [3][-]{subsubsection.4.8.2.2}{\376\377\0004\000.\0008\000.\0002\000.\0002\000\040\000M\0005\000S\000T\000A\000C\000K\000\137\000F\000I\000R\000E\000\137\000N\000E\000O\000\137\000N\000U\000M\000\137\000L\000E\000D\000S}{subsection.4.8.2}% 208
\BOOKMARK [1][-]{section.4.9}{\376\377\0004\000.\0009\000\040\000e\000s\000A\000p\000p\000/\000l\000i\000b\000/\000P\000a\000c\000k\000a\000g\000e\000/\000P\000a\000c\000k\000a\000g\000e\000.\000c\000p\000p\000\040\000F\000i\000l\000e\000\040\000R\000e\000f\000e\000r\000e\000n\000c\000e}{chapter.4}% 209
\BOOKMARK [2][-]{subsection.4.9.1}{\376\377\0004\000.\0009\000.\0001\000\040\000D\000e\000t\000a\000i\000l\000e\000d\000\040\000D\000e\000s\000c\000r\000i\000p\000t\000i\000o\000n}{section.4.9}% 210
\BOOKMARK [1][-]{section.4.10}{\376\377\0004\000.\0001\0000\000\040\000e\000s\000A\000p\000p\000/\000l\000i\000b\000/\000P\000a\000c\000k\000a\000g\000e\000/\000P\000a\000c\000k\000a\000g\000e\000.\000h\000\040\000F\000i\000l\000e\000\040\000R\000e\000f\000e\000r\000e\000n\000c\000e}{chapter.4}% 211
\BOOKMARK [2][-]{subsection.4.10.1}{\376\377\0004\000.\0001\0000\000.\0001\000\040\000D\000e\000t\000a\000i\000l\000e\000d\000\040\000D\000e\000s\000c\000r\000i\000p\000t\000i\000o\000n}{section.4.10}% 212
\BOOKMARK [1][-]{section.4.11}{\376\377\0004\000.\0001\0001\000\040\000e\000s\000A\000p\000p\000/\000l\000i\000b\000/\000Q\000u\000e\000u\000/\000Q\000u\000e\000u\000.\000c\000p\000p\000\040\000F\000i\000l\000e\000\040\000R\000e\000f\000e\000r\000e\000n\000c\000e}{chapter.4}% 213
\BOOKMARK [2][-]{subsection.4.11.1}{\376\377\0004\000.\0001\0001\000.\0001\000\040\000D\000e\000t\000a\000i\000l\000e\000d\000\040\000D\000e\000s\000c\000r\000i\000p\000t\000i\000o\000n}{section.4.11}% 214
\BOOKMARK [1][-]{section.4.12}{\376\377\0004\000.\0001\0002\000\040\000e\000s\000A\000p\000p\000/\000l\000i\000b\000/\000Q\000u\000e\000u\000/\000Q\000u\000e\000u\000.\000h\000\040\000F\000i\000l\000e\000\040\000R\000e\000f\000e\000r\000e\000n\000c\000e}{chapter.4}% 215
\BOOKMARK [2][-]{subsection.4.12.1}{\376\377\0004\000.\0001\0002\000.\0001\000\040\000D\000e\000t\000a\000i\000l\000e\000d\000\040\000D\000e\000s\000c\000r\000i\000p\000t\000i\000o\000n}{section.4.12}% 216
\BOOKMARK [2][-]{subsection.4.12.2}{\376\377\0004\000.\0001\0002\000.\0002\000\040\000M\000a\000c\000r\000o\000\040\000D\000e\000f\000i\000n\000i\000t\000i\000o\000n\000\040\000D\000o\000c\000u\000m\000e\000n\000t\000a\000t\000i\000o\000n}{section.4.12}% 217
\BOOKMARK [3][-]{subsubsection.4.12.2.1}{\376\377\0004\000.\0001\0002\000.\0002\000.\0001\000\040\000S\000T\000E\000P\000\137\000M\000O\000T\000O\000R\000\137\000S\000C\000L}{subsection.4.12.2}% 218
\BOOKMARK [3][-]{subsubsection.4.12.2.2}{\376\377\0004\000.\0001\0002\000.\0002\000.\0002\000\040\000S\000T\000E\000P\000\137\000M\000O\000T\000O\000R\000\137\000S\000D\000A}{subsection.4.12.2}% 219
\BOOKMARK [3][-]{subsubsection.4.12.2.3}{\376\377\0004\000.\0001\0002\000.\0002\000.\0003\000\040\000S\000T\000E\000P\000M\000O\000T\000O\000R\000\137\000I\0002\000C\000\137\000A\000D\000D\000R}{subsection.4.12.2}% 220
\BOOKMARK [1][-]{section.4.13}{\376\377\0004\000.\0001\0003\000\040\000e\000s\000A\000p\000p\000/\000l\000i\000b\000/\000R\000f\000i\000d\000D\000r\000i\000v\000e\000r\000/\000R\000f\000i\000d\000D\000r\000i\000v\000e\000r\000.\000c\000p\000p\000\040\000F\000i\000l\000e\000\040\000R\000e\000f\000e\000r\000e\000n\000c\000e}{chapter.4}% 221
\BOOKMARK [1][-]{section.4.14}{\376\377\0004\000.\0001\0004\000\040\000e\000s\000A\000p\000p\000/\000l\000i\000b\000/\000R\000f\000i\000d\000D\000r\000i\000v\000e\000r\000/\000R\000f\000i\000d\000D\000r\000i\000v\000e\000r\000.\000h\000\040\000F\000i\000l\000e\000\040\000R\000e\000f\000e\000r\000e\000n\000c\000e}{chapter.4}% 222
\BOOKMARK [2][-]{subsection.4.14.1}{\376\377\0004\000.\0001\0004\000.\0001\000\040\000M\000a\000c\000r\000o\000\040\000D\000e\000f\000i\000n\000i\000t\000i\000o\000n\000\040\000D\000o\000c\000u\000m\000e\000n\000t\000a\000t\000i\000o\000n}{section.4.14}% 223
\BOOKMARK [3][-]{subsubsection.4.14.1.1}{\376\377\0004\000.\0001\0004\000.\0001\000.\0001\000\040\000R\000S\000T\000\137\000P\000I\000N}{subsection.4.14.1}% 224
\BOOKMARK [3][-]{subsubsection.4.14.1.2}{\376\377\0004\000.\0001\0004\000.\0001\000.\0002\000\040\000S\000S\000\137\000P\000I\000N}{subsection.4.14.1}% 225
\BOOKMARK [1][-]{section.4.15}{\376\377\0004\000.\0001\0005\000\040\000e\000s\000A\000p\000p\000/\000l\000i\000b\000/\000S\000e\000r\000v\000o\000M\000o\000t\000o\000r\000/\000S\000e\000r\000v\000o\000M\000o\000t\000o\000r\000.\000c\000p\000p\000\040\000F\000i\000l\000e\000\040\000R\000e\000f\000e\000r\000e\000n\000c\000e}{chapter.4}% 226
\BOOKMARK [1][-]{section.4.16}{\376\377\0004\000.\0001\0006\000\040\000e\000s\000A\000p\000p\000/\000l\000i\000b\000/\000S\000e\000r\000v\000o\000M\000o\000t\000o\000r\000/\000S\000e\000r\000v\000o\000M\000o\000t\000o\000r\000.\000h\000\040\000F\000i\000l\000e\000\040\000R\000e\000f\000e\000r\000e\000n\000c\000e}{chapter.4}% 227
\BOOKMARK [1][-]{section.4.17}{\376\377\0004\000.\0001\0007\000\040\000e\000s\000A\000p\000p\000/\000l\000i\000b\000/\000W\000i\000f\000i\000U\000t\000i\000l\000s\000/\000W\000i\000f\000i\000U\000t\000i\000l\000s\000.\000c\000p\000p\000\040\000F\000i\000l\000e\000\040\000R\000e\000f\000e\000r\000e\000n\000c\000e}{chapter.4}% 228
\BOOKMARK [1][-]{section.4.18}{\376\377\0004\000.\0001\0008\000\040\000e\000s\000A\000p\000p\000/\000l\000i\000b\000/\000W\000i\000f\000i\000U\000t\000i\000l\000s\000/\000W\000i\000f\000i\000U\000t\000i\000l\000s\000.\000h\000\040\000F\000i\000l\000e\000\040\000R\000e\000f\000e\000r\000e\000n\000c\000e}{chapter.4}% 229
\BOOKMARK [2][-]{subsection.4.18.1}{\376\377\0004\000.\0001\0008\000.\0001\000\040\000M\000a\000c\000r\000o\000\040\000D\000e\000f\000i\000n\000i\000t\000i\000o\000n\000\040\000D\000o\000c\000u\000m\000e\000n\000t\000a\000t\000i\000o\000n}{section.4.18}% 230
\BOOKMARK [3][-]{subsubsection.4.18.1.1}{\376\377\0004\000.\0001\0008\000.\0001\000.\0001\000\040\000S\000E\000R\000V\000E\000R\000\137\000A\000D\000D\000R\000E\000S\000S}{subsection.4.18.1}% 231
\BOOKMARK [3][-]{subsubsection.4.18.1.2}{\376\377\0004\000.\0001\0008\000.\0001\000.\0002\000\040\000W\000I\000F\000I\000\137\000P\000A\000S\000S\000W\000O\000R\000D}{subsection.4.18.1}% 232
\BOOKMARK [3][-]{subsubsection.4.18.1.3}{\376\377\0004\000.\0001\0008\000.\0001\000.\0003\000\040\000W\000I\000F\000I\000\137\000S\000S\000I\000D}{subsection.4.18.1}% 233
\BOOKMARK [1][-]{section.4.19}{\376\377\0004\000.\0001\0009\000\040\000e\000s\000A\000p\000p\000/\000s\000r\000c\000/\000m\000a\000i\000n\000.\000c\000p\000p\000\040\000F\000i\000l\000e\000\040\000R\000e\000f\000e\000r\000e\000n\000c\000e}{chapter.4}% 234
\BOOKMARK [2][-]{subsection.4.19.1}{\376\377\0004\000.\0001\0009\000.\0001\000\040\000D\000e\000t\000a\000i\000l\000e\000d\000\040\000D\000e\000s\000c\000r\000i\000p\000t\000i\000o\000n}{section.4.19}% 235
\BOOKMARK [2][-]{subsection.4.19.2}{\376\377\0004\000.\0001\0009\000.\0002\000\040\000F\000u\000n\000c\000t\000i\000o\000n\000\040\000D\000o\000c\000u\000m\000e\000n\000t\000a\000t\000i\000o\000n}{section.4.19}% 236
\BOOKMARK [3][-]{subsubsection.4.19.2.1}{\376\377\0004\000.\0001\0009\000.\0002\000.\0001\000\040\000l\000o\000o\000p\000\050\000\051}{subsection.4.19.2}% 237
\BOOKMARK [3][-]{subsubsection.4.19.2.2}{\376\377\0004\000.\0001\0009\000.\0002\000.\0002\000\040\000p\000a\000c\000k\000a\000g\000e\000L\000i\000s\000t\000e\000n\000e\000r\000\050\000\051}{subsection.4.19.2}% 238
\BOOKMARK [3][-]{subsubsection.4.19.2.3}{\376\377\0004\000.\0001\0009\000.\0002\000.\0003\000\040\000s\000e\000t\000u\000p\000\050\000\051}{subsection.4.19.2}% 239
\BOOKMARK [2][-]{subsection.4.19.3}{\376\377\0004\000.\0001\0009\000.\0003\000\040\000V\000a\000r\000i\000a\000b\000l\000e\000\040\000D\000o\000c\000u\000m\000e\000n\000t\000a\000t\000i\000o\000n}{section.4.19}% 240
\BOOKMARK [3][-]{subsubsection.4.19.3.1}{\376\377\0004\000.\0001\0009\000.\0003\000.\0001\000\040\000M\000I\000N\000\137\000D\000E\000L\000A\000Y\000\137\000S\000T\000E\000P\000\137\000M\000O\000T\000O\000R}{subsection.4.19.3}% 241
\BOOKMARK [3][-]{subsubsection.4.19.3.2}{\376\377\0004\000.\0001\0009\000.\0003\000.\0002\000\040\000q\000u\000e\000u}{subsection.4.19.3}% 242
\BOOKMARK [3][-]{subsubsection.4.19.3.3}{\376\377\0004\000.\0001\0009\000.\0003\000.\0003\000\040\000r\000f\000i\000d}{subsection.4.19.3}% 243
\BOOKMARK [0][-]{section*.77}{\376\377\000I\000n\000d\000e\000x}{}% 244
